TN:
SF:src\models\transactions.schema.ts
FNF:0
FNH:0
DA:1,1
DA:2,1
DA:3,1
DA:4,1
DA:5,1
DA:6,1
DA:7,1
DA:8,1
DA:9,1
DA:10,1
DA:11,1
DA:12,1
DA:13,1
DA:14,1
DA:15,1
DA:16,1
DA:17,1
DA:18,1
DA:19,1
DA:20,1
DA:21,1
DA:22,1
DA:23,1
DA:24,1
DA:25,1
DA:26,1
DA:27,1
DA:28,1
DA:29,1
DA:30,1
DA:31,1
LF:31
LH:31
BRF:0
BRH:0
end_of_record
TN:
SF:src\services\transaction.service.ts
FN:4,createTransacton
FN:16,findTransactionByUniqueId
FN:19,deleteTransactionByUniqueId
FN:22,isDuplicated
FNF:4
FNH:2
FNDA:0,createTransacton
FNDA:2,findTransactionByUniqueId
FNDA:0,deleteTransactionByUniqueId
FNDA:2,isDuplicated
DA:1,1
DA:2,1
DA:3,1
DA:4,1
DA:5,0
DA:6,0
DA:7,0
DA:8,0
DA:9,0
DA:10,0
DA:11,0
DA:12,0
DA:13,0
DA:14,0
DA:15,0
DA:16,1
DA:17,2
DA:18,2
DA:19,1
DA:20,0
DA:21,0
DA:22,1
DA:23,2
DA:24,2
DA:25,1
DA:26,2
DA:27,1
LF:27
LH:14
BRDA:16,0,0,2
BRDA:22,1,0,2
BRDA:24,2,0,1
BRF:3
BRH:3
end_of_record
